build/app/intermediates/manifest_merge_blame_file/release/manifest-merger-blame-release-report.txt
1<?xml version="1.0" encoding="utf-8"?>
2<manifest xmlns:android="http://schemas.android.com/apk/res/android"
3    package="com.thecol.customer"
4    android:versionCode="17"
5    android:versionName="2.5.0" >
6
7    <uses-sdk
8        android:minSdkVersion="21"
8-->src\main\AndroidManifest.xml
9        android:targetSdkVersion="33" />
9-->src\main\AndroidManifest.xml
10
11    <uses-permission android:name="android.permission.INTERNET" />
11-->src\main\AndroidManifest.xml:5:5-67
11-->src\main\AndroidManifest.xml:5:22-64
12    <uses-permission android:name="android.permission.WRITE_EXTERNAL_STORAGE" />
12-->src\main\AndroidManifest.xml:6:5-81
12-->src\main\AndroidManifest.xml:6:22-78
13    <!--
14    <uses-permission android:name="android.permission.ACCESS_FINE_LOCATION" />
15    <uses-permission android:name="android.permission.READ_EXTERNAL_STORAGE" />
16    -->
17    <uses-permission android:name="android.permission.ACCESS_COARSE_LOCATION" />
17-->src\main\AndroidManifest.xml:9:5-81
17-->src\main\AndroidManifest.xml:9:22-78
18    <uses-permission android:name="android.permission.RECORD_AUDIO" />
18-->src\main\AndroidManifest.xml:10:5-71
18-->src\main\AndroidManifest.xml:10:22-68
19    <uses-permission android:name="android.permission.VIBRATE" />
19-->src\main\AndroidManifest.xml:11:5-66
19-->src\main\AndroidManifest.xml:11:22-63
20    <uses-permission android:name="android.permission.BLUETOOTH" />
20-->src\main\AndroidManifest.xml:12:5-68
20-->src\main\AndroidManifest.xml:12:22-65
21    <uses-permission android:name="android.permission.BLUETOOTH_ADMIN" />
21-->src\main\AndroidManifest.xml:13:5-74
21-->src\main\AndroidManifest.xml:13:22-71
22    <uses-permission android:name="android.permission.BLUETOOTH_CONNECT" />
22-->src\main\AndroidManifest.xml:14:5-76
22-->src\main\AndroidManifest.xml:14:22-73
23    <uses-permission
23-->src\main\AndroidManifest.xml:15:5-17:58
24        android:name="android.permission.NEARBY_WIFI_DEVICES"
24-->src\main\AndroidManifest.xml:16:9-62
25        android:usesPermissionFlags="neverForLocation" />
25-->src\main\AndroidManifest.xml:17:9-55
26    <uses-permission
26-->src\main\AndroidManifest.xml:18:5-20:38
27        android:name="android.permission.ACCESS_FINE_LOCATION"
27-->src\main\AndroidManifest.xml:19:9-63
28        android:maxSdkVersion="32" />
28-->src\main\AndroidManifest.xml:20:9-35
29    <uses-permission android:name="android.permission.READ_MEDIA_IMAGES" />
29-->src\main\AndroidManifest.xml:21:5-76
29-->src\main\AndroidManifest.xml:21:22-73
30    <uses-permission
30-->src\main\AndroidManifest.xml:22:5-24:38
31        android:name="android.permission.READ_EXTERNAL_STORAGE"
31-->src\main\AndroidManifest.xml:23:9-64
32        android:maxSdkVersion="32" />
32-->src\main\AndroidManifest.xml:24:9-35
33
34    <queries>
34-->src\main\AndroidManifest.xml:26:5-48:15
35
36        <!-- If your app opens https URLs -->
37        <intent>
37-->src\main\AndroidManifest.xml:28:9-32:18
38            <action android:name="android.intent.action.VIEW" />
38-->src\main\AndroidManifest.xml:29:13-65
38-->src\main\AndroidManifest.xml:29:21-62
39
40            <data android:scheme="https" />
40-->src\main\AndroidManifest.xml:30:13-44
40-->src\main\AndroidManifest.xml:30:19-41
41        </intent>
42        <!-- If your app makes calls -->
43        <intent>
43-->src\main\AndroidManifest.xml:34:9-37:18
44            <action android:name="android.intent.action.DIAL" />
44-->src\main\AndroidManifest.xml:35:13-65
44-->src\main\AndroidManifest.xml:35:21-62
45
46            <data android:scheme="tel" />
46-->src\main\AndroidManifest.xml:30:13-44
46-->src\main\AndroidManifest.xml:30:19-41
47        </intent>
48        <!-- If your sends SMS messages -->
49        <intent>
49-->src\main\AndroidManifest.xml:39:9-42:18
50            <action android:name="android.intent.action.SENDTO" />
50-->src\main\AndroidManifest.xml:40:13-67
50-->src\main\AndroidManifest.xml:40:21-64
51
52            <data android:scheme="smsto" />
52-->src\main\AndroidManifest.xml:30:13-44
52-->src\main\AndroidManifest.xml:30:19-41
53        </intent>
54        <!-- If your app sends emails -->
55        <intent>
55-->src\main\AndroidManifest.xml:44:9-47:18
56            <action android:name="android.intent.action.SEND" />
56-->src\main\AndroidManifest.xml:45:13-65
56-->src\main\AndroidManifest.xml:45:21-62
57
58            <data android:mimeType="*/*" />
58-->src\main\AndroidManifest.xml:30:13-44
58-->src\main\AndroidManifest.xml:46:19-41
59        </intent>
60        <intent>
60-->[:file_picker] AndroidManifest.xml:12:9-16:18
61            <action android:name="android.intent.action.GET_CONTENT" />
61-->[:file_picker] AndroidManifest.xml:13:13-72
61-->[:file_picker] AndroidManifest.xml:13:21-69
62
63            <data android:mimeType="*/*" />
63-->src\main\AndroidManifest.xml:30:13-44
63-->src\main\AndroidManifest.xml:46:19-41
64        </intent>
65        <intent>
65-->[:flutter_inappwebview] AndroidManifest.xml:10:9-12:18
66            <action android:name="android.support.customtabs.action.CustomTabsService" />
66-->[:flutter_inappwebview] AndroidManifest.xml:11:13-90
66-->[:flutter_inappwebview] AndroidManifest.xml:11:21-87
67        </intent>
68        <intent>
68-->[:flutter_downloader] AndroidManifest.xml:11:9-13:18
69            <action android:name="android.intent.action.VIEW" />
69-->src\main\AndroidManifest.xml:29:13-65
69-->src\main\AndroidManifest.xml:29:21-62
70        </intent> <!-- Added to check the default browser that will host the AuthFlow. -->
71        <intent>
71-->[com.stripe:financial-connections:20.19.5] AndroidManifest.xml:13:9-17:18
72            <action android:name="android.intent.action.VIEW" />
72-->src\main\AndroidManifest.xml:29:13-65
72-->src\main\AndroidManifest.xml:29:21-62
73
74            <data android:scheme="http" />
74-->src\main\AndroidManifest.xml:30:13-44
74-->src\main\AndroidManifest.xml:30:19-41
75        </intent> <!-- Added to check if Chrome is installed for browser-based payment authentication (e.g. 3DS1). -->
76        <package android:name="com.android.chrome" /> <!-- Specific apps you interact with, eg: -->
76-->[com.stripe:payments-core:20.19.5] AndroidManifest.xml:11:9-54
76-->[com.stripe:payments-core:20.19.5] AndroidManifest.xml:11:18-51
77        <package android:name="com.paytm.pgsdk.TransactionManager.PAYTM_APP_PACKAGE" />
77-->[com.paytm.appinvokesdk:appinvokesdk:1.6.4] AndroidManifest.xml:12:9-88
77-->[com.paytm.appinvokesdk:appinvokesdk:1.6.4] AndroidManifest.xml:12:18-85
78        <!--
79             Specific intents you query for,
80             eg: for a custom share UI
81        -->
82        <intent>
82-->[com.paytm.appinvokesdk:appinvokesdk:1.6.4] AndroidManifest.xml:17:9-19:18
83            <action android:name="android.intent.action.MAIN" />
83-->src\main\AndroidManifest.xml:87:17-69
83-->src\main\AndroidManifest.xml:87:25-66
84        </intent>
85        <intent>
85-->[com.razorpay:checkout:1.6.19] AndroidManifest.xml:12:9-18:18
86            <action android:name="android.intent.action.VIEW" />
86-->src\main\AndroidManifest.xml:29:13-65
86-->src\main\AndroidManifest.xml:29:21-62
87
88            <data
88-->src\main\AndroidManifest.xml:30:13-44
89                android:mimeType="*/*"
89-->src\main\AndroidManifest.xml:46:19-41
90                android:scheme="*" />
90-->src\main\AndroidManifest.xml:30:19-41
91        </intent>
92        <intent>
92-->[com.razorpay:checkout:1.6.19] AndroidManifest.xml:19:9-28:18
93            <action android:name="android.intent.action.VIEW" />
93-->src\main\AndroidManifest.xml:29:13-65
93-->src\main\AndroidManifest.xml:29:21-62
94
95            <category android:name="android.intent.category.BROWSABLE" />
95-->src\main\AndroidManifest.xml:102:17-78
95-->src\main\AndroidManifest.xml:102:27-75
96
97            <data
97-->src\main\AndroidManifest.xml:30:13-44
98                android:host="pay"
98-->src\main\AndroidManifest.xml:105:21-62
99                android:mimeType="*/*"
99-->src\main\AndroidManifest.xml:46:19-41
100                android:scheme="upi" />
100-->src\main\AndroidManifest.xml:30:19-41
101        </intent> <!-- Needs to be explicitly declared on Android R+ -->
102        <package android:name="com.google.android.apps.maps" />
102-->[com.google.android.gms:play-services-maps:18.1.0] AndroidManifest.xml:33:9-64
102-->[com.google.android.gms:play-services-maps:18.1.0] AndroidManifest.xml:33:18-61
103
104        <intent>
104-->[androidx.media2:media2-session:1.2.0] AndroidManifest.xml:25:9-27:18
105            <action android:name="android.media.browse.MediaBrowserService" />
105-->[androidx.media2:media2-session:1.2.0] AndroidManifest.xml:26:13-79
105-->[androidx.media2:media2-session:1.2.0] AndroidManifest.xml:26:21-76
106        </intent>
107        <intent>
107-->[androidx.media2:media2-session:1.2.0] AndroidManifest.xml:28:9-30:18
108            <action android:name="androidx.media2.session.MediaSessionService" />
108-->[androidx.media2:media2-session:1.2.0] AndroidManifest.xml:29:13-82
108-->[androidx.media2:media2-session:1.2.0] AndroidManifest.xml:29:21-79
109        </intent>
110        <intent>
110-->[androidx.media2:media2-session:1.2.0] AndroidManifest.xml:31:9-33:18
111            <action android:name="androidx.media2.session.MediaLibraryService" />
111-->[androidx.media2:media2-session:1.2.0] AndroidManifest.xml:32:13-82
111-->[androidx.media2:media2-session:1.2.0] AndroidManifest.xml:32:21-79
112        </intent>
113    </queries>
114
115    <uses-permission android:name="android.permission.WAKE_LOCK" />
115-->[:firebase_messaging] AndroidManifest.xml:10:5-68
115-->[:firebase_messaging] AndroidManifest.xml:10:22-65
116    <uses-permission android:name="android.permission.ACCESS_NETWORK_STATE" /> <!-- Permissions options for the `notification` group -->
116-->[:firebase_messaging] AndroidManifest.xml:11:5-79
116-->[:firebase_messaging] AndroidManifest.xml:11:22-76
117    <uses-permission android:name="android.permission.POST_NOTIFICATIONS" />
117-->[:firebase_messaging] AndroidManifest.xml:13:5-77
117-->[:firebase_messaging] AndroidManifest.xml:13:22-74
118    <uses-permission android:name="android.permission.FOREGROUND_SERVICE" />
118-->[:geolocator_android] AndroidManifest.xml:9:5-77
118-->[:geolocator_android] AndroidManifest.xml:9:22-74
119    <uses-permission android:name="android.permission.RECEIVE_BOOT_COMPLETED" />
119-->[:flutter_local_notifications] AndroidManifest.xml:9:5-81
119-->[:flutter_local_notifications] AndroidManifest.xml:9:22-78
120    <uses-permission android:name="android.permission.USE_FULL_SCREEN_INTENT" />
120-->[:flutter_local_notifications] AndroidManifest.xml:11:5-81
120-->[:flutter_local_notifications] AndroidManifest.xml:11:22-78
121    <uses-permission android:name="android.permission.SCHEDULE_EXACT_ALARM" />
121-->[:flutter_local_notifications] AndroidManifest.xml:12:5-79
121-->[:flutter_local_notifications] AndroidManifest.xml:12:22-76
122    <uses-permission android:name="android.permission.READ_MEDIA_VIDEO" />
122-->[:open_filex] AndroidManifest.xml:14:5-75
122-->[:open_filex] AndroidManifest.xml:14:22-72
123    <uses-permission android:name="android.permission.READ_MEDIA_AUDIO" /> <!-- Create a unique permission for your app and use it so only your app can receive your OneSignal messages. -->
123-->[:open_filex] AndroidManifest.xml:15:5-75
123-->[:open_filex] AndroidManifest.xml:15:22-72
124    <permission
124-->[com.onesignal:notifications:5.0.0] AndroidManifest.xml:10:5-12:47
125        android:name="com.thecol.customer.permission.C2D_MESSAGE"
125-->[com.onesignal:notifications:5.0.0] AndroidManifest.xml:11:9-63
126        android:protectionLevel="signature" />
126-->[com.onesignal:notifications:5.0.0] AndroidManifest.xml:12:9-44
127
128    <uses-permission android:name="com.thecol.customer.permission.C2D_MESSAGE" /> <!-- c2dm RECEIVE are basic requirements for push messages through Google's FCM -->
128-->[com.onesignal:notifications:5.0.0] AndroidManifest.xml:14:5-79
128-->[com.onesignal:notifications:5.0.0] AndroidManifest.xml:14:22-76
129    <uses-permission android:name="com.google.android.c2dm.permission.RECEIVE" /> <!-- START: ShortcutBadger -->
129-->[com.onesignal:notifications:5.0.0] AndroidManifest.xml:19:5-82
129-->[com.onesignal:notifications:5.0.0] AndroidManifest.xml:19:22-79
130    <!-- Samsung -->
131    <uses-permission android:name="com.sec.android.provider.badge.permission.READ" />
131-->[com.onesignal:notifications:5.0.0] AndroidManifest.xml:31:5-86
131-->[com.onesignal:notifications:5.0.0] AndroidManifest.xml:31:22-83
132    <uses-permission android:name="com.sec.android.provider.badge.permission.WRITE" /> <!-- HTC -->
132-->[com.onesignal:notifications:5.0.0] AndroidManifest.xml:32:5-87
132-->[com.onesignal:notifications:5.0.0] AndroidManifest.xml:32:22-84
133    <uses-permission android:name="com.htc.launcher.permission.READ_SETTINGS" />
133-->[com.onesignal:notifications:5.0.0] AndroidManifest.xml:33:5-81
133-->[com.onesignal:notifications:5.0.0] AndroidManifest.xml:33:22-78
134    <uses-permission android:name="com.htc.launcher.permission.UPDATE_SHORTCUT" /> <!-- Sony -->
134-->[com.onesignal:notifications:5.0.0] AndroidManifest.xml:34:5-83
134-->[com.onesignal:notifications:5.0.0] AndroidManifest.xml:34:22-80
135    <uses-permission android:name="com.sonyericsson.home.permission.BROADCAST_BADGE" />
135-->[com.onesignal:notifications:5.0.0] AndroidManifest.xml:35:5-88
135-->[com.onesignal:notifications:5.0.0] AndroidManifest.xml:35:22-85
136    <uses-permission android:name="com.sonymobile.home.permission.PROVIDER_INSERT_BADGE" /> <!-- Apex -->
136-->[com.onesignal:notifications:5.0.0] AndroidManifest.xml:36:5-92
136-->[com.onesignal:notifications:5.0.0] AndroidManifest.xml:36:22-89
137    <uses-permission android:name="com.anddoes.launcher.permission.UPDATE_COUNT" /> <!-- Solid -->
137-->[com.onesignal:notifications:5.0.0] AndroidManifest.xml:37:5-84
137-->[com.onesignal:notifications:5.0.0] AndroidManifest.xml:37:22-81
138    <uses-permission android:name="com.majeur.launcher.permission.UPDATE_BADGE" /> <!-- Huawei -->
138-->[com.onesignal:notifications:5.0.0] AndroidManifest.xml:38:5-83
138-->[com.onesignal:notifications:5.0.0] AndroidManifest.xml:38:22-80
139    <uses-permission android:name="com.huawei.android.launcher.permission.CHANGE_BADGE" />
139-->[com.onesignal:notifications:5.0.0] AndroidManifest.xml:39:5-91
139-->[com.onesignal:notifications:5.0.0] AndroidManifest.xml:39:22-88
140    <uses-permission android:name="com.huawei.android.launcher.permission.READ_SETTINGS" />
140-->[com.onesignal:notifications:5.0.0] AndroidManifest.xml:40:5-92
140-->[com.onesignal:notifications:5.0.0] AndroidManifest.xml:40:22-89
141    <uses-permission android:name="com.huawei.android.launcher.permission.WRITE_SETTINGS" /> <!-- ZUK -->
141-->[com.onesignal:notifications:5.0.0] AndroidManifest.xml:41:5-93
141-->[com.onesignal:notifications:5.0.0] AndroidManifest.xml:41:22-90
142    <uses-permission android:name="android.permission.READ_APP_BADGE" /> <!-- OPPO -->
142-->[com.onesignal:notifications:5.0.0] AndroidManifest.xml:42:5-73
142-->[com.onesignal:notifications:5.0.0] AndroidManifest.xml:42:22-70
143    <uses-permission android:name="com.oppo.launcher.permission.READ_SETTINGS" />
143-->[com.onesignal:notifications:5.0.0] AndroidManifest.xml:43:5-82
143-->[com.onesignal:notifications:5.0.0] AndroidManifest.xml:43:22-79
144    <uses-permission android:name="com.oppo.launcher.permission.WRITE_SETTINGS" /> <!-- EvMe -->
144-->[com.onesignal:notifications:5.0.0] AndroidManifest.xml:44:5-83
144-->[com.onesignal:notifications:5.0.0] AndroidManifest.xml:44:22-80
145    <uses-permission android:name="me.everything.badger.permission.BADGE_COUNT_READ" />
145-->[com.onesignal:notifications:5.0.0] AndroidManifest.xml:45:5-88
145-->[com.onesignal:notifications:5.0.0] AndroidManifest.xml:45:22-85
146    <uses-permission android:name="me.everything.badger.permission.BADGE_COUNT_WRITE" />
146-->[com.onesignal:notifications:5.0.0] AndroidManifest.xml:46:5-89
146-->[com.onesignal:notifications:5.0.0] AndroidManifest.xml:46:22-86
147    <uses-permission android:name="android.permission.READ_PHONE_STATE" />
147-->[com.paytm.easypay:easypay-appinvoke:1.7.3] AndroidManifest.xml:10:5-75
147-->[com.paytm.easypay:easypay-appinvoke:1.7.3] AndroidManifest.xml:10:22-72
148
149    <uses-feature
149-->[com.google.android.gms:play-services-maps:18.1.0] AndroidManifest.xml:26:5-28:35
150        android:glEsVersion="0x00020000"
150-->[com.google.android.gms:play-services-maps:18.1.0] AndroidManifest.xml:27:9-41
151        android:required="true" />
151-->[com.google.android.gms:play-services-maps:18.1.0] AndroidManifest.xml:28:9-32
152
153    <permission
153-->[androidx.core:core:1.10.1] AndroidManifest.xml:22:5-24:47
154        android:name="com.thecol.customer.DYNAMIC_RECEIVER_NOT_EXPORTED_PERMISSION"
154-->[androidx.core:core:1.10.1] AndroidManifest.xml:23:9-81
155        android:protectionLevel="signature" />
155-->[androidx.core:core:1.10.1] AndroidManifest.xml:24:9-44
156
157    <uses-permission android:name="com.thecol.customer.DYNAMIC_RECEIVER_NOT_EXPORTED_PERMISSION" />
157-->[androidx.core:core:1.10.1] AndroidManifest.xml:26:5-97
157-->[androidx.core:core:1.10.1] AndroidManifest.xml:26:22-94
158
159    <application
160        android:name="android.app.Application"
160-->src\main\AndroidManifest.xml:51:9-42
161        android:allowBackup="false"
161-->src\main\AndroidManifest.xml:52:9-36
162        android:appComponentFactory="androidx.core.app.CoreComponentFactory"
162-->[androidx.core:core:1.10.1] AndroidManifest.xml:28:18-86
163        android:fullBackupOnly="false"
163-->src\main\AndroidManifest.xml:53:9-39
164        android:icon="@mipmap/ic_launcher"
164-->src\main\AndroidManifest.xml:54:9-43
165        android:label="eShop Multi"
165-->src\main\AndroidManifest.xml:55:9-36
166        android:requestLegacyExternalStorage="true"
166-->src\main\AndroidManifest.xml:56:9-52
167        android:usesCleartextTraffic="true" >
167-->src\main\AndroidManifest.xml:57:9-44
168
169        <!--
170         <activity
171                 android:name="com.razorpay.CheckoutActivity"
172                 android:exported="true"
173                 />
174         <receiver android:name="com.razorpay.RzpTokenReceiver"
175                 android:exported="true">
176                 <intent-filter>
177                     <action android:name="rzp.device_token.share"/>
178                 </intent-filter>
179             </receiver>
180        -->
181
182        <activity
182-->src\main\AndroidManifest.xml:70:9-114:20
183            android:name="com.thecol.customer.MainActivity"
183-->src\main\AndroidManifest.xml:71:13-41
184            android:configChanges="orientation|keyboardHidden|keyboard|screenSize|smallestScreenSize|locale|layoutDirection|fontScale|screenLayout|density|uiMode"
184-->src\main\AndroidManifest.xml:72:13-163
185            android:exported="true"
185-->src\main\AndroidManifest.xml:73:13-36
186            android:hardwareAccelerated="true"
186-->src\main\AndroidManifest.xml:74:13-47
187            android:launchMode="singleTop"
187-->src\main\AndroidManifest.xml:75:13-43
188            android:theme="@style/LaunchTheme"
188-->src\main\AndroidManifest.xml:76:13-47
189            android:windowSoftInputMode="adjustResize" >
189-->src\main\AndroidManifest.xml:77:13-55
190
191            <!--
192                 Specifies an Android theme to apply to this Activity as soon as
193                 the Android process has started. This theme is visible to the user
194                 while the Flutter UI initializes. After that, this theme continues
195                 to determine the Window background behind the Flutter UI.
196            -->
197            <meta-data
197-->src\main\AndroidManifest.xml:82:13-84:57
198                android:name="io.flutter.embedding.android.NormalTheme"
198-->src\main\AndroidManifest.xml:83:17-72
199                android:resource="@style/NormalTheme" />
199-->src\main\AndroidManifest.xml:84:17-54
200
201            <intent-filter>
201-->src\main\AndroidManifest.xml:86:13-89:29
202                <action android:name="android.intent.action.MAIN" />
202-->src\main\AndroidManifest.xml:87:17-69
202-->src\main\AndroidManifest.xml:87:25-66
203
204                <category android:name="android.intent.category.LAUNCHER" />
204-->src\main\AndroidManifest.xml:88:17-77
204-->src\main\AndroidManifest.xml:88:27-74
205            </intent-filter>
206            <intent-filter>
206-->src\main\AndroidManifest.xml:91:13-94:29
207                <action android:name="FLUTTER_NOTIFICATION_CLICK" />
207-->src\main\AndroidManifest.xml:92:17-69
207-->src\main\AndroidManifest.xml:92:25-66
208
209                <category android:name="android.intent.category.DEFAULT" />
209-->src\main\AndroidManifest.xml:93:17-76
209-->src\main\AndroidManifest.xml:93:27-73
210            </intent-filter>
211            <intent-filter android:autoVerify="true" >
211-->src\main\AndroidManifest.xml:96:13-112:29
211-->src\main\AndroidManifest.xml:96:28-53
212                <action android:name="android.intent.action.VIEW" />
212-->src\main\AndroidManifest.xml:29:13-65
212-->src\main\AndroidManifest.xml:29:21-62
213
214                <category android:name="android.intent.category.DEFAULT" />
214-->src\main\AndroidManifest.xml:93:17-76
214-->src\main\AndroidManifest.xml:93:27-73
215                <category android:name="android.intent.category.BROWSABLE" />
215-->src\main\AndroidManifest.xml:102:17-78
215-->src\main\AndroidManifest.xml:102:27-75
216
217                <data
217-->src\main\AndroidManifest.xml:30:13-44
218                    android:host="eshopmultivendor.page.link"
218-->src\main\AndroidManifest.xml:105:21-62
219                    android:scheme="https" />
219-->src\main\AndroidManifest.xml:30:19-41
220                <data
220-->src\main\AndroidManifest.xml:30:13-44
221                    android:host="eshopmultivendor.page.link"
221-->src\main\AndroidManifest.xml:105:21-62
222                    android:scheme="http" />
222-->src\main\AndroidManifest.xml:30:19-41
223            </intent-filter>
224        </activity>
225
226        <!--
227             Don't delete the meta-data below.
228             This is used by the Flutter tool to generate GeneratedPluginRegistrant.java
229        -->
230
231
232        <!-- After Adding Key, Uncomment below lines -->
233        <meta-data
233-->src\main\AndroidManifest.xml:122:9-124:69
234            android:name="com.google.android.geo.API_KEY"
234-->src\main\AndroidManifest.xml:123:13-58
235            android:value="PLACE_HERE_ANDROID_GOOGLE_MAP_API_KEY" />
235-->src\main\AndroidManifest.xml:124:13-66
236        <meta-data
236-->src\main\AndroidManifest.xml:126:9-128:56
237            android:name="vn.hunghd.flutterdownloader.NOTIFICATION_ICON"
237-->src\main\AndroidManifest.xml:127:13-73
238            android:resource="@drawable/ic_launcher" />
238-->src\main\AndroidManifest.xml:128:13-53
239        <meta-data
239-->src\main\AndroidManifest.xml:129:9-131:56
240            android:name="com.google.firebase.messaging.default_notification_icon"
240-->src\main\AndroidManifest.xml:130:13-83
241            android:resource="@drawable/ic_launcher" />
241-->src\main\AndroidManifest.xml:131:13-53
242        <meta-data
242-->src\main\AndroidManifest.xml:133:9-135:33
243            android:name="flutterEmbedding"
243-->src\main\AndroidManifest.xml:134:13-44
244            android:value="2" />
244-->src\main\AndroidManifest.xml:135:13-30
245
246        <service
246-->[:firebase_messaging] AndroidManifest.xml:16:9-19:72
247            android:name="io.flutter.plugins.firebase.messaging.FlutterFirebaseMessagingBackgroundService"
247-->[:firebase_messaging] AndroidManifest.xml:17:13-107
248            android:exported="false"
248-->[:firebase_messaging] AndroidManifest.xml:18:13-37
249            android:permission="android.permission.BIND_JOB_SERVICE" />
249-->[:firebase_messaging] AndroidManifest.xml:19:13-69
250        <service
250-->[:firebase_messaging] AndroidManifest.xml:20:9-26:19
251            android:name="io.flutter.plugins.firebase.messaging.FlutterFirebaseMessagingService"
251-->[:firebase_messaging] AndroidManifest.xml:21:13-97
252            android:exported="false" >
252-->[:firebase_messaging] AndroidManifest.xml:22:13-37
253            <intent-filter>
253-->[:firebase_messaging] AndroidManifest.xml:23:13-25:29
254                <action android:name="com.google.firebase.MESSAGING_EVENT" />
254-->[:firebase_messaging] AndroidManifest.xml:24:17-78
254-->[:firebase_messaging] AndroidManifest.xml:24:25-75
255            </intent-filter>
256        </service>
257
258        <receiver
258-->[:firebase_messaging] AndroidManifest.xml:28:9-35:20
259            android:name="io.flutter.plugins.firebase.messaging.FlutterFirebaseMessagingReceiver"
259-->[:firebase_messaging] AndroidManifest.xml:29:13-98
260            android:exported="true"
260-->[:firebase_messaging] AndroidManifest.xml:30:13-36
261            android:permission="com.google.android.c2dm.permission.SEND" >
261-->[:firebase_messaging] AndroidManifest.xml:31:13-73
262            <intent-filter>
262-->[:firebase_messaging] AndroidManifest.xml:32:13-34:29
263                <action android:name="com.google.android.c2dm.intent.RECEIVE" />
263-->[:firebase_messaging] AndroidManifest.xml:33:17-81
263-->[:firebase_messaging] AndroidManifest.xml:33:25-78
264            </intent-filter>
265        </receiver>
266
267        <service
267-->[:firebase_messaging] AndroidManifest.xml:37:9-41:19
268            android:name="com.google.firebase.components.ComponentDiscoveryService"
268-->[:firebase_messaging] AndroidManifest.xml:37:18-89
269            android:directBootAware="true"
269-->[com.google.firebase:firebase-common:20.3.2] AndroidManifest.xml:34:13-43
270            android:exported="false" >
270-->[com.google.firebase:firebase-messaging:23.1.2] AndroidManifest.xml:54:13-37
271            <meta-data
271-->[:firebase_messaging] AndroidManifest.xml:38:13-40:85
272                android:name="com.google.firebase.components:io.flutter.plugins.firebase.messaging.FlutterFirebaseAppRegistrar"
272-->[:firebase_messaging] AndroidManifest.xml:39:17-128
273                android:value="com.google.firebase.components.ComponentRegistrar" />
273-->[:firebase_messaging] AndroidManifest.xml:40:17-82
274            <meta-data
274-->[:cloud_firestore] AndroidManifest.xml:11:13-13:85
275                android:name="com.google.firebase.components:io.flutter.plugins.firebase.firestore.FlutterFirebaseFirestoreRegistrar"
275-->[:cloud_firestore] AndroidManifest.xml:12:17-134
276                android:value="com.google.firebase.components.ComponentRegistrar" />
276-->[:cloud_firestore] AndroidManifest.xml:13:17-82
277            <meta-data
277-->[:firebase_dynamic_links] AndroidManifest.xml:13:13-15:85
278                android:name="com.google.firebase.components:io.flutter.plugins.firebase.dynamiclinks.FlutterFirebaseAppRegistrar"
278-->[:firebase_dynamic_links] AndroidManifest.xml:14:17-131
279                android:value="com.google.firebase.components.ComponentRegistrar" />
279-->[:firebase_dynamic_links] AndroidManifest.xml:15:17-82
280            <meta-data
280-->[:firebase_auth] AndroidManifest.xml:11:13-13:85
281                android:name="com.google.firebase.components:io.flutter.plugins.firebase.auth.FlutterFirebaseAuthRegistrar"
281-->[:firebase_auth] AndroidManifest.xml:12:17-124
282                android:value="com.google.firebase.components.ComponentRegistrar" />
282-->[:firebase_auth] AndroidManifest.xml:13:17-82
283            <meta-data
283-->[:firebase_remote_config] AndroidManifest.xml:11:13-13:85
284                android:name="com.google.firebase.components:io.flutter.plugins.firebase.firebaseremoteconfig.FlutterFirebaseAppRegistrar"
284-->[:firebase_remote_config] AndroidManifest.xml:12:17-139
285                android:value="com.google.firebase.components.ComponentRegistrar" />
285-->[:firebase_remote_config] AndroidManifest.xml:13:17-82
286            <meta-data
286-->[:firebase_storage] AndroidManifest.xml:11:13-13:85
287                android:name="com.google.firebase.components:io.flutter.plugins.firebase.storage.FlutterFirebaseAppRegistrar"
287-->[:firebase_storage] AndroidManifest.xml:12:17-126
288                android:value="com.google.firebase.components.ComponentRegistrar" />
288-->[:firebase_storage] AndroidManifest.xml:13:17-82
289            <meta-data
289-->[:firebase_core] AndroidManifest.xml:11:13-13:85
290                android:name="com.google.firebase.components:io.flutter.plugins.firebase.core.FlutterFirebaseCoreRegistrar"
290-->[:firebase_core] AndroidManifest.xml:12:17-124
291                android:value="com.google.firebase.components.ComponentRegistrar" />
291-->[:firebase_core] AndroidManifest.xml:13:17-82
292            <meta-data
292-->[com.google.firebase:firebase-messaging:23.1.2] AndroidManifest.xml:55:13-57:85
293                android:name="com.google.firebase.components:com.google.firebase.messaging.FirebaseMessagingRegistrar"
293-->[com.google.firebase:firebase-messaging:23.1.2] AndroidManifest.xml:56:17-119
294                android:value="com.google.firebase.components.ComponentRegistrar" />
294-->[com.google.firebase:firebase-messaging:23.1.2] AndroidManifest.xml:57:17-82
295            <meta-data
295-->[com.google.firebase:firebase-appcheck-playintegrity:16.1.2] AndroidManifest.xml:27:13-29:85
296                android:name="com.google.firebase.components:com.google.firebase.appcheck.playintegrity.FirebaseAppCheckPlayIntegrityRegistrar"
296-->[com.google.firebase:firebase-appcheck-playintegrity:16.1.2] AndroidManifest.xml:28:17-144